<?xml version="1.0" encoding="UTF-8"?>
<!-- Generated by org.testng.reporters.JUnitXMLReporter -->
<testsuite hostname="User-PC" name="RegSet1" tests="2" failures="1" timestamp="15 Sep 2015 05:33:18 GMT" time="51.073" errors="0">
  <testcase name="Valid_login_test" time="34.585" classname="Framework.Login_Component_Reference_Groups"/>
  <testcase name="Valid_Book_Search_test" time="15.343" classname="Framework.Scenario_Book_Search">
    <failure type="junit.framework.ComparisonFailure" message="expected:&amp;lt;...7&amp;gt; but was:&amp;lt;...8&amp;gt;">
      <![CDATA[junit.framework.ComparisonFailure: expected:<...7> but was:<...8>
	at junit.framework.Assert.assertEquals(Assert.java:81)
	at junit.framework.Assert.assertEquals(Assert.java:87)
	at Framework.Scenario_Book_Search.Valid_Book_Search_test(Unknown Source)
... Removed 23 stack frames]]>
    </failure>
  </testcase> <!-- Valid_Book_Search_test -->
</testsuite> <!-- RegSet1 -->
