<?xml version="1.0" encoding="UTF-8"?>
<testng-results skipped="0" failed="0" total="0" passed="0">
  <reporter-output>
  </reporter-output>
  <suite name="Sepbatch" duration-ms="390" started-at="2015-10-29T12:46:16Z" finished-at="2015-10-29T12:46:17Z">
    <groups>
      <group name="dryrun">
        <method signature="Scenario_Login.test_valid_login(java.lang.String, java.lang.String, java.lang.String, java.lang.String, java.lang.String)[pri:0, instance:lp.Scenario_Login@366e2eef]" name="test_valid_login" class="lp.Scenario_Login"/>
      </group> <!-- dryrun -->
    </groups>
    <test name="RegSet1" duration-ms="390" started-at="2015-10-29T12:46:16Z" finished-at="2015-10-29T12:46:17Z">
    </test> <!-- RegSet1 -->
  </suite> <!-- Sepbatch -->
</testng-results>
