<?xml version="1.0" encoding="UTF-8"?>
<testng-results skipped="0" failed="1" total="2" passed="1">
  <reporter-output>
  </reporter-output>
  <suite name="Sepbatch" duration-ms="51073" started-at="2015-09-15T05:32:26Z" finished-at="2015-09-15T05:33:18Z">
    <groups>
      <group name="SmokeTest">
        <method signature="Login_Component_Reference_Groups.Valid_login_test(java.lang.String, java.lang.String, java.lang.String, java.lang.String)[pri:0, instance:Framework.Login_Component_Reference_Groups@73f792cf]" name="Valid_login_test" class="Framework.Login_Component_Reference_Groups"/>
        <method signature="Scenario_Book_Search.Valid_Book_Search_test(java.lang.String, java.lang.String, java.lang.String)[pri:0, instance:Framework.Scenario_Book_Search@1554909b]" name="Valid_Book_Search_test" class="Framework.Scenario_Book_Search"/>
      </group> <!-- SmokeTest -->
    </groups>
    <test name="RegSet1" duration-ms="51073" started-at="2015-09-15T05:32:26Z" finished-at="2015-09-15T05:33:18Z">
      <class name="Framework.Login_Component_Reference_Groups">
        <test-method status="PASS" signature="Valid_login_test(java.lang.String, java.lang.String, java.lang.String, java.lang.String)[pri:0, instance:Framework.Login_Component_Reference_Groups@73f792cf]" name="Valid_login_test" duration-ms="34585" started-at="2015-09-15T11:02:27Z" data-provider="dp_Valid_Login" finished-at="2015-09-15T11:03:02Z">
          <params>
            <param index="0">
              <value>
                <![CDATA[qtpworld2008@gmail.com]]>
              </value>
            </param>
            <param index="1">
              <value>
                <![CDATA[learn123]]>
              </value>
            </param>
            <param index="2">
              <value>
                <![CDATA[qtpworld2008 g]]>
              </value>
            </param>
            <param index="3">
              <value>
                <![CDATA[GB_07]]>
              </value>
            </param>
          </params>
          <reporter-output>
          </reporter-output>
        </test-method> <!-- Valid_login_test -->
      </class> <!-- Framework.Login_Component_Reference_Groups -->
      <class name="Framework.Scenario_Book_Search">
        <test-method status="FAIL" signature="Valid_Book_Search_test(java.lang.String, java.lang.String, java.lang.String)[pri:0, instance:Framework.Scenario_Book_Search@1554909b]" name="Valid_Book_Search_test" duration-ms="15343" started-at="2015-09-15T11:03:02Z" data-provider="dp_Valid_Search" finished-at="2015-09-15T11:03:18Z">
          <params>
            <param index="0">
              <value>
                <![CDATA[Chandler]]>
              </value>
            </param>
            <param index="1">
              <value>
                <![CDATA[417]]>
              </value>
            </param>
            <param index="2">
              <value>
                <![CDATA[GB_08]]>
              </value>
            </param>
          </params>
          <exception class="junit.framework.ComparisonFailure">
            <message>
              <![CDATA[expected:<...7> but was:<...8>]]>
            </message>
            <full-stacktrace>
              <![CDATA[junit.framework.ComparisonFailure: expected:<...7> but was:<...8>
	at junit.framework.Assert.assertEquals(Assert.java:81)
	at junit.framework.Assert.assertEquals(Assert.java:87)
	at Framework.Scenario_Book_Search.Valid_Book_Search_test(Unknown Source)
	at sun.reflect.NativeMethodAccessorImpl.invoke0(Native Method)
	at sun.reflect.NativeMethodAccessorImpl.invoke(Unknown Source)
	at sun.reflect.DelegatingMethodAccessorImpl.invoke(Unknown Source)
	at java.lang.reflect.Method.invoke(Unknown Source)
	at org.testng.internal.MethodInvocationHelper.invokeMethod(MethodInvocationHelper.java:80)
	at org.testng.internal.Invoker.invokeMethod(Invoker.java:714)
	at org.testng.internal.Invoker.invokeTestMethod(Invoker.java:901)
	at org.testng.internal.Invoker.invokeTestMethods(Invoker.java:1231)
	at org.testng.internal.TestMethodWorker.invokeTestMethods(TestMethodWorker.java:127)
	at org.testng.internal.TestMethodWorker.run(TestMethodWorker.java:111)
	at org.testng.TestRunner.privateRun(TestRunner.java:767)
	at org.testng.TestRunner.run(TestRunner.java:617)
	at org.testng.SuiteRunner.runTest(SuiteRunner.java:334)
	at org.testng.SuiteRunner.runSequentially(SuiteRunner.java:329)
	at org.testng.SuiteRunner.privateRun(SuiteRunner.java:291)
	at org.testng.SuiteRunner.run(SuiteRunner.java:240)
	at org.testng.SuiteRunnerWorker.runSuite(SuiteRunnerWorker.java:52)
	at org.testng.SuiteRunnerWorker.run(SuiteRunnerWorker.java:86)
	at org.testng.TestNG.runSuitesSequentially(TestNG.java:1198)
	at org.testng.TestNG.runSuitesLocally(TestNG.java:1123)
	at org.testng.TestNG.run(TestNG.java:1031)
	at org.testng.TestNG.privateMain(TestNG.java:1338)
	at org.testng.TestNG.main(TestNG.java:1307)
]]>
            </full-stacktrace>
          </exception> <!-- junit.framework.ComparisonFailure -->
          <reporter-output>
          </reporter-output>
        </test-method> <!-- Valid_Book_Search_test -->
      </class> <!-- Framework.Scenario_Book_Search -->
    </test> <!-- RegSet1 -->
  </suite> <!-- Sepbatch -->
</testng-results>
